  Advance_calc_main.cpp
C:\Users\shang\Desktop\vs\cpp\Advanced_Calculater\Advance_calc_main.cpp(39,54): warning C4244: '=': conversion from 'T' to 'T', possible loss of data
          with
          [
              T=int
          ]
          and
          [
              T=float
          ]
C:\Users\shang\Desktop\vs\cpp\Advanced_Calculater\Advance_calc_main.cpp(40,54): warning C4244: '=': conversion from 'T' to 'T', possible loss of data
          with
          [
              T=int
          ]
          and
          [
              T=float
          ]
  Rect_Button.cpp
  Generating Code...
  Advanced_Calculater.vcxproj -> C:\Users\shang\Desktop\vs\cpp\Advanced_Calculater\Debug\Advanced_Calculater.exe
